[2016-12-15 15:15:22] (ERROR @ D:\domains\shopmodx\core\xpdo\om\xpdoobject.class.php : 240) Error 42S02 executing statement: 
Array
(
    [0] => 42S02
    [1] => 1146
    [2] => Table 'shopmodx.shop2_session' doesn't exist
)

[2016-12-15 15:15:22] (ERROR @ D:\domains\shopmodx\core\xpdo\om\xpdoobject.class.php : 240) Error 42S02 executing statement: 
Array
(
    [0] => 42S02
    [1] => 1146
    [2] => Table 'shopmodx.shop2_actiondom' doesn't exist
)

[2016-12-15 15:15:22] (ERROR @ D:\domains\shopmodx\core\xpdo\om\xpdoobject.class.php : 240) Error 42S02 executing statement: 
Array
(
    [0] => 42S02
    [1] => 1146
    [2] => Table 'shopmodx.shop2_session' doesn't exist
)

[2016-12-15 15:15:22] (ERROR @ D:\domains\shopmodx\core\xpdo\om\xpdoobject.class.php : 1452) Error 42S02 executing statement:
INSERT INTO `shop2_session` (`id`, `access`, `data`) VALUES ('7fdkjs0sf8ifdahqd6034orud3', 1481800522, 'modx.user.contextTokens|a:0:{}')
Array
(
    [0] => 42S02
    [1] => 1146
    [2] => Table 'shopmodx.shop2_session' doesn't exist
)

[2016-12-15 15:15:31] (ERROR @ D:\domains\shopmodx\core\xpdo\om\xpdoobject.class.php : 240) Error 42S02 executing statement: 
Array
(
    [0] => 42S02
    [1] => 1146
    [2] => Table 'shopmodx.shop2_session' doesn't exist
)

[2016-12-15 15:15:31] (ERROR @ D:\domains\shopmodx\core\xpdo\om\xpdoobject.class.php : 240) Error 42S02 executing statement: 
Array
(
    [0] => 42S02
    [1] => 1146
    [2] => Table 'shopmodx.shop2_actiondom' doesn't exist
)

[2016-12-15 15:15:31] (ERROR @ D:\domains\shopmodx\core\xpdo\om\xpdoobject.class.php : 240) Error 42S02 executing statement: 
Array
(
    [0] => 42S02
    [1] => 1146
    [2] => Table 'shopmodx.shop2_users' doesn't exist
)

[2016-12-15 15:15:31] (ERROR @ D:\domains\shopmodx\core\xpdo\om\xpdoobject.class.php : 543) Error 42S02 executing query: SELECT `modUser`.`id` AS `modUser_id`, `modUser`.`username` AS `modUser_username`, `modUser`.`password` AS `modUser_password`, `modUser`.`cachepwd` AS `modUser_cachepwd`, `modUser`.`class_key` AS `modUser_class_key`, `modUser`.`active` AS `modUser_active`, `modUser`.`remote_key` AS `modUser_remote_key`, `modUser`.`remote_data` AS `modUser_remote_data`, `modUser`.`hash_class` AS `modUser_hash_class`, `modUser`.`salt` AS `modUser_salt`, `modUser`.`primary_group` AS `modUser_primary_group`, `modUser`.`session_stale` AS `modUser_session_stale`, `modUser`.`sudo` AS `modUser_sudo`, `modUser`.`createdon` AS `modUser_createdon`, `Profile`.`id` AS `Profile_id`, `Profile`.`internalKey` AS `Profile_internalKey`, `Profile`.`fullname` AS `Profile_fullname`, `Profile`.`email` AS `Profile_email`, `Profile`.`phone` AS `Profile_phone`, `Profile`.`mobilephone` AS `Profile_mobilephone`, `Profile`.`blocked` AS `Profile_blocked`, `Profile`.`blockeduntil` AS `Profile_blockeduntil`, `Profile`.`blockedafter` AS `Profile_blockedafter`, `Profile`.`logincount` AS `Profile_logincount`, `Profile`.`lastlogin` AS `Profile_lastlogin`, `Profile`.`thislogin` AS `Profile_thislogin`, `Profile`.`failedlogincount` AS `Profile_failedlogincount`, `Profile`.`sessionid` AS `Profile_sessionid`, `Profile`.`dob` AS `Profile_dob`, `Profile`.`gender` AS `Profile_gender`, `Profile`.`address` AS `Profile_address`, `Profile`.`country` AS `Profile_country`, `Profile`.`city` AS `Profile_city`, `Profile`.`state` AS `Profile_state`, `Profile`.`zip` AS `Profile_zip`, `Profile`.`fax` AS `Profile_fax`, `Profile`.`photo` AS `Profile_photo`, `Profile`.`comment` AS `Profile_comment`, `Profile`.`website` AS `Profile_website`, `Profile`.`extended` AS `Profile_extended`, `UserSettings`.`user` AS `UserSettings_user`, `UserSettings`.`key` AS `UserSettings_key`, `UserSettings`.`value` AS `UserSettings_value`, `UserSettings`.`xtype` AS `UserSettings_xtype`, `UserSettings`.`namespace` AS `UserSettings_namespace`, `UserSettings`.`area` AS `UserSettings_area`, `UserSettings`.`editedon` AS `UserSettings_editedon` FROM `shop2_users` AS `modUser` LEFT JOIN `shop2_user_attributes` `Profile` ON `modUser`.`id` = `Profile`.`internalKey` LEFT JOIN `shop2_user_settings` `UserSettings` ON `modUser`.`id` = `UserSettings`.`user` WHERE `modUser`.`username` = ? ORDER BY `modUser`.`id` ASC  - Array
(
    [0] => 42S02
    [1] => 1146
    [2] => Table 'shopmodx.shop2_users' doesn't exist
)

[2016-12-15 15:15:31] (ERROR @ D:\domains\shopmodx\core\xpdo\om\xpdoobject.class.php : 240) Error 42S02 executing statement: 
Array
(
    [0] => 42S02
    [1] => 1146
    [2] => Table 'shopmodx.shop2_session' doesn't exist
)

[2016-12-15 15:15:31] (ERROR @ D:\domains\shopmodx\core\xpdo\om\xpdoobject.class.php : 1452) Error 42S02 executing statement:
INSERT INTO `shop2_session` (`id`, `access`, `data`) VALUES ('7fdkjs0sf8ifdahqd6034orud3', 1481800531, 'modx.user.contextTokens|a:0:{}')
Array
(
    [0] => 42S02
    [1] => 1146
    [2] => Table 'shopmodx.shop2_session' doesn't exist
)

[2016-12-15 15:15:40] (ERROR @ D:\domains\shopmodx\core\xpdo\om\xpdoobject.class.php : 240) Error 42S02 executing statement: 
Array
(
    [0] => 42S02
    [1] => 1146
    [2] => Table 'shopmodx.shop2_session' doesn't exist
)

[2016-12-15 15:15:40] (ERROR @ D:\domains\shopmodx\core\xpdo\om\xpdoobject.class.php : 240) Error 42S02 executing statement: 
Array
(
    [0] => 42S02
    [1] => 1146
    [2] => Table 'shopmodx.shop2_actiondom' doesn't exist
)

[2016-12-15 15:15:40] (ERROR @ D:\domains\shopmodx\core\xpdo\om\xpdoobject.class.php : 240) Error 42S02 executing statement: 
Array
(
    [0] => 42S02
    [1] => 1146
    [2] => Table 'shopmodx.shop2_users' doesn't exist
)

[2016-12-15 15:15:40] (ERROR @ D:\domains\shopmodx\core\xpdo\om\xpdoobject.class.php : 543) Error 42S02 executing query: SELECT `modUser`.`id` AS `modUser_id`, `modUser`.`username` AS `modUser_username`, `modUser`.`password` AS `modUser_password`, `modUser`.`cachepwd` AS `modUser_cachepwd`, `modUser`.`class_key` AS `modUser_class_key`, `modUser`.`active` AS `modUser_active`, `modUser`.`remote_key` AS `modUser_remote_key`, `modUser`.`remote_data` AS `modUser_remote_data`, `modUser`.`hash_class` AS `modUser_hash_class`, `modUser`.`salt` AS `modUser_salt`, `modUser`.`primary_group` AS `modUser_primary_group`, `modUser`.`session_stale` AS `modUser_session_stale`, `modUser`.`sudo` AS `modUser_sudo`, `modUser`.`createdon` AS `modUser_createdon`, `Profile`.`id` AS `Profile_id`, `Profile`.`internalKey` AS `Profile_internalKey`, `Profile`.`fullname` AS `Profile_fullname`, `Profile`.`email` AS `Profile_email`, `Profile`.`phone` AS `Profile_phone`, `Profile`.`mobilephone` AS `Profile_mobilephone`, `Profile`.`blocked` AS `Profile_blocked`, `Profile`.`blockeduntil` AS `Profile_blockeduntil`, `Profile`.`blockedafter` AS `Profile_blockedafter`, `Profile`.`logincount` AS `Profile_logincount`, `Profile`.`lastlogin` AS `Profile_lastlogin`, `Profile`.`thislogin` AS `Profile_thislogin`, `Profile`.`failedlogincount` AS `Profile_failedlogincount`, `Profile`.`sessionid` AS `Profile_sessionid`, `Profile`.`dob` AS `Profile_dob`, `Profile`.`gender` AS `Profile_gender`, `Profile`.`address` AS `Profile_address`, `Profile`.`country` AS `Profile_country`, `Profile`.`city` AS `Profile_city`, `Profile`.`state` AS `Profile_state`, `Profile`.`zip` AS `Profile_zip`, `Profile`.`fax` AS `Profile_fax`, `Profile`.`photo` AS `Profile_photo`, `Profile`.`comment` AS `Profile_comment`, `Profile`.`website` AS `Profile_website`, `Profile`.`extended` AS `Profile_extended`, `UserSettings`.`user` AS `UserSettings_user`, `UserSettings`.`key` AS `UserSettings_key`, `UserSettings`.`value` AS `UserSettings_value`, `UserSettings`.`xtype` AS `UserSettings_xtype`, `UserSettings`.`namespace` AS `UserSettings_namespace`, `UserSettings`.`area` AS `UserSettings_area`, `UserSettings`.`editedon` AS `UserSettings_editedon` FROM `shop2_users` AS `modUser` LEFT JOIN `shop2_user_attributes` `Profile` ON `modUser`.`id` = `Profile`.`internalKey` LEFT JOIN `shop2_user_settings` `UserSettings` ON `modUser`.`id` = `UserSettings`.`user` WHERE `modUser`.`username` = ? ORDER BY `modUser`.`id` ASC  - Array
(
    [0] => 42S02
    [1] => 1146
    [2] => Table 'shopmodx.shop2_users' doesn't exist
)

[2016-12-15 15:15:40] (ERROR @ D:\domains\shopmodx\core\xpdo\om\xpdoobject.class.php : 240) Error 42S02 executing statement: 
Array
(
    [0] => 42S02
    [1] => 1146
    [2] => Table 'shopmodx.shop2_session' doesn't exist
)

[2016-12-15 15:15:40] (ERROR @ D:\domains\shopmodx\core\xpdo\om\xpdoobject.class.php : 1452) Error 42S02 executing statement:
INSERT INTO `shop2_session` (`id`, `access`, `data`) VALUES ('7fdkjs0sf8ifdahqd6034orud3', 1481800540, 'modx.user.contextTokens|a:0:{}')
Array
(
    [0] => 42S02
    [1] => 1146
    [2] => Table 'shopmodx.shop2_session' doesn't exist
)

[2016-12-19 13:35:56] (ERROR @ D:\domains\shopmodx\core\model\modx\modcachemanager.class.php : 344) Error caching lexicon topic lexicon/ru/core/resource
[2016-12-22 03:21:15] (ERROR @ D:\domains\shopmodx\core\model\modx\modcachemanager.class.php : 344) Error caching lexicon topic lexicon/ru/core/resource
